<?xml version="1.0" encoding="UTF-8"?>
<!-- Generated by org.testng.reporters.JUnitXMLReporter -->
<testsuite ignored="0" hostname="Ramanpreets-MacBook-Pro.local" failures="0" tests="3" name="Default test" time="98.496" errors="0" timestamp="2024-11-25T17:35:56 IST">
  <testcase classname="SGS.SportsGearSwag.ErrorValidation" name="LoginValidation" time="34.816"/>
  <testcase classname="SGS.SportsGearSwag.ErrorValidation" name="Singup" time="43.399"/>
  <testcase classname="SGS.SportsGearSwag.ErrorValidation" name="UserForgotPassword" time="7.979"/>
</testsuite> <!-- Default test -->
