<?xml version="1.0" encoding="UTF-8"?>
<!-- Generated by org.testng.reporters.JUnitXMLReporter -->
<testsuite ignored="0" hostname="Ramanpreets-MBP.lan" failures="0" tests="3" name="Error Validation" time="46.972" errors="0" timestamp="2024-08-29T16:15:03 IST">
  <testcase classname="SGS.SportsGearSwag.ErrorValidation" name="LoginValidation" time="4.333"/>
  <testcase classname="SGS.SportsGearSwag.ErrorValidation" name="Singup" time="16.141"/>
  <testcase classname="SGS.SportsGearSwag.ErrorValidation" name="UserForgotPassword" time="6.558"/>
</testsuite> <!-- Error Validation -->
