<?xml version="1.0" encoding="UTF-8"?>
<!-- Generated by org.testng.reporters.JUnitXMLReporter -->
<testsuite ignored="0" hostname="Ramanpreets-MBP.lan" failures="1" tests="2" name="Test" time="23.092" errors="0" timestamp="2024-08-28T12:11:47 IST">
  <testcase classname="SGS.SportsGearSwag.ErrorValidation" name="LoginValidation" time="0.016">
    <skipped/>
  </testcase> <!-- LoginValidation -->
  <testcase classname="SGS.SportsGearSwag.ErrorValidation" name="LoginValidation" time="0.006">
    <failure type="java.lang.Error" message="Unresolved compilation problem: 
	Syntax error, insert &amp;quot;;&amp;quot; to complete Statement
">
      <![CDATA[java.lang.Error: Unresolved compilation problem: 
Syntax error, insert ";" to complete Statement

at SGS.SportsGearSwag.ErrorValidation.LoginValidation(ErrorValidation.java:24)
at java.base/java.util.ArrayList.forEach(ArrayList.java:1597)
... Removed 25 stack frames]]>
    </failure>
  </testcase> <!-- LoginValidation -->
</testsuite> <!-- Test -->
