<?xml version="1.0" encoding="UTF-8"?>
<!-- Generated by org.testng.reporters.JUnitXMLReporter -->
<testsuite ignored="0" hostname="Ramanpreets-MBP.lan" failures="0" tests="3" name="Error Validation" time="56.209" errors="0" timestamp="2024-09-25T12:10:49 IST">
  <testcase classname="SGS.SportsGearSwag.ErrorValidation" name="LoginValidation" time="8.295"/>
  <testcase classname="SGS.SportsGearSwag.ErrorValidation" name="Singup" time="13.47"/>
  <testcase classname="SGS.SportsGearSwag.ErrorValidation" name="UserForgotPassword" time="9.732"/>
</testsuite> <!-- Error Validation -->
