<?xml version="1.0" encoding="UTF-8"?>
<!-- Generated by org.testng.reporters.JUnitXMLReporter -->
<testsuite ignored="0" hostname="Ramanpreets-MBP.lan" failures="1" tests="4" name="Error Validation" time="72.723" errors="0" timestamp="2024-08-27T12:50:29 IST">
  <testcase classname="SGS.SportsGearSwag.ErrorValidation" name="LoginValidation" time="0.008">
    <skipped/>
  </testcase> <!-- LoginValidation -->
  <testcase classname="SGS.SportsGearSwag.ErrorValidation" name="LoginValidation" time="0.002">
    <failure type="java.lang.Error" message="Unresolved compilation problem: 
	Syntax error, insert &amp;quot;;&amp;quot; to complete Statement
">
      <![CDATA[java.lang.Error: Unresolved compilation problem: 
Syntax error, insert ";" to complete Statement

at SGS.SportsGearSwag.ErrorValidation.LoginValidation(ErrorValidation.java:22)
at java.base/java.util.ArrayList.forEach(ArrayList.java:1597)
... Removed 29 stack frames]]>
    </failure>
  </testcase> <!-- LoginValidation -->
  <testcase classname="SGS.SportsGearSwag.ErrorValidation" name="Singup" time="15.686"/>
  <testcase classname="SGS.SportsGearSwag.ErrorValidation" name="UserForgotPassword" time="11.076"/>
</testsuite> <!-- Error Validation -->
